
*** Running vivado
    with args -log IP2SOC_Top.vds -m64 -product Vivado -mode batch -messageDb vivado.pb -notrace -source IP2SOC_Top.tcl

'#if' 不是内部或外部命令，也不是可运行的程序
或批处理文件。
'#' 不是内部或外部命令，也不是可运行的程序
或批处理文件。
'#' 不是内部或外部命令，也不是可运行的程序
或批处理文件。
'#' 不是内部或外部命令，也不是可运行的程序
或批处理文件。
'#' 不是内部或外部命令，也不是可运行的程序
或批处理文件。
'#' 不是内部或外部命令，也不是可运行的程序
或批处理文件。
'#' 不是内部或外部命令，也不是可运行的程序
或批处理文件。
'#' 不是内部或外部命令，也不是可运行的程序
或批处理文件。
'#' 不是内部或外部命令，也不是可运行的程序
或批处理文件。
'#' 不是内部或外部命令，也不是可运行的程序
或批处理文件。
'#' 不是内部或外部命令，也不是可运行的程序
或批处理文件。
'#' 不是内部或外部命令，也不是可运行的程序
或批处理文件。
'#' 不是内部或外部命令，也不是可运行的程序
或批处理文件。
'#' 不是内部或外部命令，也不是可运行的程序
或批处理文件。
'#' 不是内部或外部命令，也不是可运行的程序
或批处理文件。
'#' 不是内部或外部命令，也不是可运行的程序
或批处理文件。
'#' 不是内部或外部命令，也不是可运行的程序
或批处理文件。
'#' 不是内部或外部命令，也不是可运行的程序
或批处理文件。
'#' 不是内部或外部命令，也不是可运行的程序
或批处理文件。
'#' 不是内部或外部命令，也不是可运行的程序
或批处理文件。
'#' 不是内部或外部命令，也不是可运行的程序
或批处理文件。
'#' 不是内部或外部命令，也不是可运行的程序
或批处理文件。
'#' 不是内部或外部命令，也不是可运行的程序
或批处理文件。
'#' 不是内部或外部命令，也不是可运行的程序
或批处理文件。
'#)' 不是内部或外部命令，也不是可运行的程序
或批处理文件。

****** Vivado v2017.1 (64-bit)
  **** SW Build 1846317 on Fri Apr 14 18:55:03 MDT 2017
  **** IP Build 1846188 on Fri Apr 14 20:52:08 MDT 2017
    ** Copyright 1986-2017 Xilinx, Inc. All Rights Reserved.

source IP2SOC_Top.tcl -notrace
Command: synth_design -top IP2SOC_Top -part xc7a100tcsg324-1
Starting synth_design
Attempting to get a license for feature 'Synthesis' and/or device 'xc7a100t-csg324'
INFO: [Common 17-349] Got license for feature 'Synthesis' and/or device 'xc7a100t-csg324'
INFO: Launching helper process for spawning children vivado processes
INFO: Helper process launched with PID 4272 
'#if' 不是内部或外部命令，也不是可运行的程序
或批处理文件。
'#' 不是内部或外部命令，也不是可运行的程序
或批处理文件。
'#' 不是内部或外部命令，也不是可运行的程序
或批处理文件。
'#' 不是内部或外部命令，也不是可运行的程序
或批处理文件。
'#' 不是内部或外部命令，也不是可运行的程序
或批处理文件。
'#' 不是内部或外部命令，也不是可运行的程序
或批处理文件。
'#' 不是内部或外部命令，也不是可运行的程序
或批处理文件。
'#' 不是内部或外部命令，也不是可运行的程序
或批处理文件。
'#' 不是内部或外部命令，也不是可运行的程序
或批处理文件。
'#' 不是内部或外部命令，也不是可运行的程序
或批处理文件。
'#' 不是内部或外部命令，也不是可运行的程序
或批处理文件。
'#' 不是内部或外部命令，也不是可运行的程序
或批处理文件。
'#' 不是内部或外部命令，也不是可运行的程序
或批处理文件。
'#' 不是内部或外部命令，也不是可运行的程序
或批处理文件。
'#' 不是内部或外部命令，也不是可运行的程序
或批处理文件。
'#' 不是内部或外部命令，也不是可运行的程序
或批处理文件。
'#' 不是内部或外部命令，也不是可运行的程序
或批处理文件。
'#' 不是内部或外部命令，也不是可运行的程序
或批处理文件。
'#' 不是内部或外部命令，也不是可运行的程序
或批处理文件。
'#' 不是内部或外部命令，也不是可运行的程序
或批处理文件。
'#' 不是内部或外部命令，也不是可运行的程序
或批处理文件。
'#' 不是内部或外部命令，也不是可运行的程序
或批处理文件。
'#' 不是内部或外部命令，也不是可运行的程序
或批处理文件。
'#' 不是内部或外部命令，也不是可运行的程序
或批处理文件。
'#)' 不是内部或外部命令，也不是可运行的程序
或批处理文件。
---------------------------------------------------------------------------------
Starting RTL Elaboration : Time (s): cpu = 00:00:03 ; elapsed = 00:00:03 . Memory (MB): peak = 361.770 ; gain = 75.410
---------------------------------------------------------------------------------
INFO: [Synth 8-638] synthesizing module 'IP2SOC_Top' [D:/CoDWork/PIPECPU_SOC/PIPECPU_SOC.srcs/sources_1/imports/CoDWork/FPGATop/SCPU_Top.v:3]
INFO: [Synth 8-638] synthesizing module 'clk_div' [D:/CoDWork/PIPECPU_SOC/PIPECPU_SOC.srcs/sources_1/imports/CoDWork/FPGATop/clk_div.v:21]
INFO: [Synth 8-256] done synthesizing module 'clk_div' (1#1) [D:/CoDWork/PIPECPU_SOC/PIPECPU_SOC.srcs/sources_1/imports/CoDWork/FPGATop/clk_div.v:21]
WARNING: [Synth 8-4446] all outputs are unconnected for this instance and logic may be removed [D:/CoDWork/PIPECPU_SOC/PIPECPU_SOC.srcs/sources_1/imports/CoDWork/FPGATop/SCPU_Top.v:40]
INFO: [Synth 8-638] synthesizing module 'pipecomp' [D:/CoDWork/PIPECPU_SOC/PIPECPU_SOC.srcs/sources_1/imports/CoDWork/PIPECPU/pipecomp.v:1]
INFO: [Synth 8-638] synthesizing module 'pipelinedcpu' [D:/CoDWork/PIPECPU_SOC/PIPECPU_SOC.srcs/sources_1/imports/CoDWork/PIPECPU/pipelinedcpu.v:1]
INFO: [Synth 8-638] synthesizing module 'pipepc' [D:/CoDWork/PIPECPU_SOC/PIPECPU_SOC.srcs/sources_1/imports/CoDWork/PIPECPU/pipepc.v:1]
INFO: [Synth 8-638] synthesizing module 'dffe32' [D:/CoDWork/PIPECPU_SOC/PIPECPU_SOC.srcs/sources_1/imports/CoDWork/PIPECPU/dffe32.v:1]
INFO: [Synth 8-256] done synthesizing module 'dffe32' (2#1) [D:/CoDWork/PIPECPU_SOC/PIPECPU_SOC.srcs/sources_1/imports/CoDWork/PIPECPU/dffe32.v:1]
INFO: [Synth 8-256] done synthesizing module 'pipepc' (3#1) [D:/CoDWork/PIPECPU_SOC/PIPECPU_SOC.srcs/sources_1/imports/CoDWork/PIPECPU/pipepc.v:1]
INFO: [Synth 8-638] synthesizing module 'pipeif' [D:/CoDWork/PIPECPU_SOC/PIPECPU_SOC.srcs/sources_1/imports/CoDWork/PIPECPU/pipeif.v:1]
INFO: [Synth 8-638] synthesizing module 'mux4x32' [D:/CoDWork/PIPECPU_SOC/PIPECPU_SOC.srcs/sources_1/imports/CoDWork/PIPECPU/mux.v:8]
INFO: [Synth 8-256] done synthesizing module 'mux4x32' (4#1) [D:/CoDWork/PIPECPU_SOC/PIPECPU_SOC.srcs/sources_1/imports/CoDWork/PIPECPU/mux.v:8]
INFO: [Synth 8-638] synthesizing module 'cla32' [D:/CoDWork/PIPECPU_SOC/PIPECPU_SOC.srcs/sources_1/imports/CoDWork/PIPECPU/mod.v:83]
INFO: [Synth 8-638] synthesizing module 'cla_32' [D:/CoDWork/PIPECPU_SOC/PIPECPU_SOC.srcs/sources_1/imports/CoDWork/PIPECPU/cla.v:66]
INFO: [Synth 8-638] synthesizing module 'cla_16' [D:/CoDWork/PIPECPU_SOC/PIPECPU_SOC.srcs/sources_1/imports/CoDWork/PIPECPU/cla.v:54]
INFO: [Synth 8-638] synthesizing module 'cla_8' [D:/CoDWork/PIPECPU_SOC/PIPECPU_SOC.srcs/sources_1/imports/CoDWork/PIPECPU/cla.v:42]
INFO: [Synth 8-638] synthesizing module 'cla_4' [D:/CoDWork/PIPECPU_SOC/PIPECPU_SOC.srcs/sources_1/imports/CoDWork/PIPECPU/cla.v:30]
INFO: [Synth 8-638] synthesizing module 'cla_2' [D:/CoDWork/PIPECPU_SOC/PIPECPU_SOC.srcs/sources_1/imports/CoDWork/PIPECPU/cla.v:18]
INFO: [Synth 8-638] synthesizing module 'add' [D:/CoDWork/PIPECPU_SOC/PIPECPU_SOC.srcs/sources_1/imports/CoDWork/PIPECPU/cla.v:1]
INFO: [Synth 8-256] done synthesizing module 'add' (5#1) [D:/CoDWork/PIPECPU_SOC/PIPECPU_SOC.srcs/sources_1/imports/CoDWork/PIPECPU/cla.v:1]
INFO: [Synth 8-638] synthesizing module 'g_p' [D:/CoDWork/PIPECPU_SOC/PIPECPU_SOC.srcs/sources_1/imports/CoDWork/PIPECPU/cla.v:9]
INFO: [Synth 8-256] done synthesizing module 'g_p' (6#1) [D:/CoDWork/PIPECPU_SOC/PIPECPU_SOC.srcs/sources_1/imports/CoDWork/PIPECPU/cla.v:9]
INFO: [Synth 8-256] done synthesizing module 'cla_2' (7#1) [D:/CoDWork/PIPECPU_SOC/PIPECPU_SOC.srcs/sources_1/imports/CoDWork/PIPECPU/cla.v:18]
INFO: [Synth 8-256] done synthesizing module 'cla_4' (8#1) [D:/CoDWork/PIPECPU_SOC/PIPECPU_SOC.srcs/sources_1/imports/CoDWork/PIPECPU/cla.v:30]
INFO: [Synth 8-256] done synthesizing module 'cla_8' (9#1) [D:/CoDWork/PIPECPU_SOC/PIPECPU_SOC.srcs/sources_1/imports/CoDWork/PIPECPU/cla.v:42]
INFO: [Synth 8-256] done synthesizing module 'cla_16' (10#1) [D:/CoDWork/PIPECPU_SOC/PIPECPU_SOC.srcs/sources_1/imports/CoDWork/PIPECPU/cla.v:54]
INFO: [Synth 8-256] done synthesizing module 'cla_32' (11#1) [D:/CoDWork/PIPECPU_SOC/PIPECPU_SOC.srcs/sources_1/imports/CoDWork/PIPECPU/cla.v:66]
INFO: [Synth 8-256] done synthesizing module 'cla32' (12#1) [D:/CoDWork/PIPECPU_SOC/PIPECPU_SOC.srcs/sources_1/imports/CoDWork/PIPECPU/mod.v:83]
INFO: [Synth 8-256] done synthesizing module 'pipeif' (13#1) [D:/CoDWork/PIPECPU_SOC/PIPECPU_SOC.srcs/sources_1/imports/CoDWork/PIPECPU/pipeif.v:1]
INFO: [Synth 8-638] synthesizing module 'pipeir' [D:/CoDWork/PIPECPU_SOC/PIPECPU_SOC.srcs/sources_1/imports/CoDWork/PIPECPU/pipeir.v:1]
INFO: [Synth 8-256] done synthesizing module 'pipeir' (14#1) [D:/CoDWork/PIPECPU_SOC/PIPECPU_SOC.srcs/sources_1/imports/CoDWork/PIPECPU/pipeir.v:1]
INFO: [Synth 8-638] synthesizing module 'pipeid' [D:/CoDWork/PIPECPU_SOC/PIPECPU_SOC.srcs/sources_1/imports/CoDWork/PIPECPU/pipeid.v:1]
INFO: [Synth 8-638] synthesizing module 'pipeidcu' [D:/CoDWork/PIPECPU_SOC/PIPECPU_SOC.srcs/sources_1/imports/CoDWork/PIPECPU/pipeidcu.v:1]
INFO: [Synth 8-256] done synthesizing module 'pipeidcu' (15#1) [D:/CoDWork/PIPECPU_SOC/PIPECPU_SOC.srcs/sources_1/imports/CoDWork/PIPECPU/pipeidcu.v:1]
INFO: [Synth 8-638] synthesizing module 'regfile' [D:/CoDWork/PIPECPU_SOC/PIPECPU_SOC.srcs/sources_1/imports/CoDWork/PIPECPU/regfile.v:1]
WARNING: [Synth 8-6014] Unused sequential element i was removed.  [D:/CoDWork/PIPECPU_SOC/PIPECPU_SOC.srcs/sources_1/imports/CoDWork/PIPECPU/regfile.v:12]
INFO: [Synth 8-256] done synthesizing module 'regfile' (16#1) [D:/CoDWork/PIPECPU_SOC/PIPECPU_SOC.srcs/sources_1/imports/CoDWork/PIPECPU/regfile.v:1]
INFO: [Synth 8-638] synthesizing module 'mux2x5' [D:/CoDWork/PIPECPU_SOC/PIPECPU_SOC.srcs/sources_1/imports/CoDWork/PIPECPU/mux.v:25]
INFO: [Synth 8-256] done synthesizing module 'mux2x5' (17#1) [D:/CoDWork/PIPECPU_SOC/PIPECPU_SOC.srcs/sources_1/imports/CoDWork/PIPECPU/mux.v:25]
INFO: [Synth 8-256] done synthesizing module 'pipeid' (18#1) [D:/CoDWork/PIPECPU_SOC/PIPECPU_SOC.srcs/sources_1/imports/CoDWork/PIPECPU/pipeid.v:1]
INFO: [Synth 8-638] synthesizing module 'pipedereg' [D:/CoDWork/PIPECPU_SOC/PIPECPU_SOC.srcs/sources_1/imports/CoDWork/PIPECPU/pipedereg.v:1]
INFO: [Synth 8-256] done synthesizing module 'pipedereg' (19#1) [D:/CoDWork/PIPECPU_SOC/PIPECPU_SOC.srcs/sources_1/imports/CoDWork/PIPECPU/pipedereg.v:1]
INFO: [Synth 8-638] synthesizing module 'pipeexe' [D:/CoDWork/PIPECPU_SOC/PIPECPU_SOC.srcs/sources_1/imports/CoDWork/PIPECPU/pipeexe.v:1]
INFO: [Synth 8-638] synthesizing module 'mux2x32' [D:/CoDWork/PIPECPU_SOC/PIPECPU_SOC.srcs/sources_1/imports/CoDWork/PIPECPU/mux.v:1]
INFO: [Synth 8-256] done synthesizing module 'mux2x32' (20#1) [D:/CoDWork/PIPECPU_SOC/PIPECPU_SOC.srcs/sources_1/imports/CoDWork/PIPECPU/mux.v:1]
INFO: [Synth 8-638] synthesizing module 'alu' [D:/CoDWork/PIPECPU_SOC/PIPECPU_SOC.srcs/sources_1/imports/CoDWork/PIPECPU/mod.v:2]
INFO: [Synth 8-638] synthesizing module 'setless' [D:/CoDWork/PIPECPU_SOC/PIPECPU_SOC.srcs/sources_1/imports/CoDWork/PIPECPU/mod.v:50]
INFO: [Synth 8-256] done synthesizing module 'setless' (21#1) [D:/CoDWork/PIPECPU_SOC/PIPECPU_SOC.srcs/sources_1/imports/CoDWork/PIPECPU/mod.v:50]
INFO: [Synth 8-638] synthesizing module 'addsub32' [D:/CoDWork/PIPECPU_SOC/PIPECPU_SOC.srcs/sources_1/imports/CoDWork/PIPECPU/mod.v:76]
INFO: [Synth 8-256] done synthesizing module 'addsub32' (22#1) [D:/CoDWork/PIPECPU_SOC/PIPECPU_SOC.srcs/sources_1/imports/CoDWork/PIPECPU/mod.v:76]
INFO: [Synth 8-638] synthesizing module 'shift' [D:/CoDWork/PIPECPU_SOC/PIPECPU_SOC.srcs/sources_1/imports/CoDWork/PIPECPU/mod.v:93]
INFO: [Synth 8-256] done synthesizing module 'shift' (23#1) [D:/CoDWork/PIPECPU_SOC/PIPECPU_SOC.srcs/sources_1/imports/CoDWork/PIPECPU/mod.v:93]
INFO: [Synth 8-638] synthesizing module 'shiftv' [D:/CoDWork/PIPECPU_SOC/PIPECPU_SOC.srcs/sources_1/imports/CoDWork/PIPECPU/mod.v:110]
INFO: [Synth 8-256] done synthesizing module 'shiftv' (24#1) [D:/CoDWork/PIPECPU_SOC/PIPECPU_SOC.srcs/sources_1/imports/CoDWork/PIPECPU/mod.v:110]
INFO: [Synth 8-256] done synthesizing module 'alu' (25#1) [D:/CoDWork/PIPECPU_SOC/PIPECPU_SOC.srcs/sources_1/imports/CoDWork/PIPECPU/mod.v:2]
INFO: [Synth 8-256] done synthesizing module 'pipeexe' (26#1) [D:/CoDWork/PIPECPU_SOC/PIPECPU_SOC.srcs/sources_1/imports/CoDWork/PIPECPU/pipeexe.v:1]
INFO: [Synth 8-638] synthesizing module 'pipeemreg' [D:/CoDWork/PIPECPU_SOC/PIPECPU_SOC.srcs/sources_1/imports/CoDWork/PIPECPU/pipeemreg.v:1]
INFO: [Synth 8-256] done synthesizing module 'pipeemreg' (27#1) [D:/CoDWork/PIPECPU_SOC/PIPECPU_SOC.srcs/sources_1/imports/CoDWork/PIPECPU/pipeemreg.v:1]
INFO: [Synth 8-638] synthesizing module 'pipemwreg' [D:/CoDWork/PIPECPU_SOC/PIPECPU_SOC.srcs/sources_1/imports/CoDWork/PIPECPU/pipemwreg.v:1]
INFO: [Synth 8-256] done synthesizing module 'pipemwreg' (28#1) [D:/CoDWork/PIPECPU_SOC/PIPECPU_SOC.srcs/sources_1/imports/CoDWork/PIPECPU/pipemwreg.v:1]
WARNING: [Synth 8-3848] Net reg_data in module/entity pipelinedcpu does not have driver. [D:/CoDWork/PIPECPU_SOC/PIPECPU_SOC.srcs/sources_1/imports/CoDWork/PIPECPU/pipelinedcpu.v:11]
INFO: [Synth 8-256] done synthesizing module 'pipelinedcpu' (29#1) [D:/CoDWork/PIPECPU_SOC/PIPECPU_SOC.srcs/sources_1/imports/CoDWork/PIPECPU/pipelinedcpu.v:1]
INFO: [Synth 8-638] synthesizing module 'dm' [D:/CoDWork/PIPECPU_SOC/PIPECPU_SOC.srcs/sources_1/imports/CoDWork/PIPECPU/dm.v:3]
INFO: [Synth 8-256] done synthesizing module 'dm' (30#1) [D:/CoDWork/PIPECPU_SOC/PIPECPU_SOC.srcs/sources_1/imports/CoDWork/PIPECPU/dm.v:3]
INFO: [Synth 8-638] synthesizing module 'im' [D:/CoDWork/PIPECPU_SOC/PIPECPU_SOC.srcs/sources_1/imports/CoDWork/PIPECPU/im.v:3]

Warning: Trying to implement RAM in registers. Block RAM or DRAM implementation is not possible for one or more of the following reasons :
	1: Unable to determine number of words or word size in RAM. 
	2: No valid read/write found for RAM. 
RAM dissolved into registers
WARNING: [Synth 8-3848] Net ROM in module/entity im does not have driver. [D:/CoDWork/PIPECPU_SOC/PIPECPU_SOC.srcs/sources_1/imports/CoDWork/PIPECPU/im.v:6]
WARNING: [Synth 8-3848] Net ROM in module/entity im does not have driver. [D:/CoDWork/PIPECPU_SOC/PIPECPU_SOC.srcs/sources_1/imports/CoDWork/PIPECPU/im.v:6]
WARNING: [Synth 8-3848] Net ROM in module/entity im does not have driver. [D:/CoDWork/PIPECPU_SOC/PIPECPU_SOC.srcs/sources_1/imports/CoDWork/PIPECPU/im.v:6]
WARNING: [Synth 8-3848] Net ROM in module/entity im does not have driver. [D:/CoDWork/PIPECPU_SOC/PIPECPU_SOC.srcs/sources_1/imports/CoDWork/PIPECPU/im.v:6]
WARNING: [Synth 8-3848] Net ROM in module/entity im does not have driver. [D:/CoDWork/PIPECPU_SOC/PIPECPU_SOC.srcs/sources_1/imports/CoDWork/PIPECPU/im.v:6]
WARNING: [Synth 8-3848] Net ROM in module/entity im does not have driver. [D:/CoDWork/PIPECPU_SOC/PIPECPU_SOC.srcs/sources_1/imports/CoDWork/PIPECPU/im.v:6]
WARNING: [Synth 8-3848] Net ROM in module/entity im does not have driver. [D:/CoDWork/PIPECPU_SOC/PIPECPU_SOC.srcs/sources_1/imports/CoDWork/PIPECPU/im.v:6]
WARNING: [Synth 8-3848] Net ROM in module/entity im does not have driver. [D:/CoDWork/PIPECPU_SOC/PIPECPU_SOC.srcs/sources_1/imports/CoDWork/PIPECPU/im.v:6]
WARNING: [Synth 8-3848] Net ROM in module/entity im does not have driver. [D:/CoDWork/PIPECPU_SOC/PIPECPU_SOC.srcs/sources_1/imports/CoDWork/PIPECPU/im.v:6]
WARNING: [Synth 8-3848] Net ROM in module/entity im does not have driver. [D:/CoDWork/PIPECPU_SOC/PIPECPU_SOC.srcs/sources_1/imports/CoDWork/PIPECPU/im.v:6]
WARNING: [Synth 8-3848] Net ROM in module/entity im does not have driver. [D:/CoDWork/PIPECPU_SOC/PIPECPU_SOC.srcs/sources_1/imports/CoDWork/PIPECPU/im.v:6]
WARNING: [Synth 8-3848] Net ROM in module/entity im does not have driver. [D:/CoDWork/PIPECPU_SOC/PIPECPU_SOC.srcs/sources_1/imports/CoDWork/PIPECPU/im.v:6]
WARNING: [Synth 8-3848] Net ROM in module/entity im does not have driver. [D:/CoDWork/PIPECPU_SOC/PIPECPU_SOC.srcs/sources_1/imports/CoDWork/PIPECPU/im.v:6]
WARNING: [Synth 8-3848] Net ROM in module/entity im does not have driver. [D:/CoDWork/PIPECPU_SOC/PIPECPU_SOC.srcs/sources_1/imports/CoDWork/PIPECPU/im.v:6]
WARNING: [Synth 8-3848] Net ROM in module/entity im does not have driver. [D:/CoDWork/PIPECPU_SOC/PIPECPU_SOC.srcs/sources_1/imports/CoDWork/PIPECPU/im.v:6]
WARNING: [Synth 8-3848] Net ROM in module/entity im does not have driver. [D:/CoDWork/PIPECPU_SOC/PIPECPU_SOC.srcs/sources_1/imports/CoDWork/PIPECPU/im.v:6]
WARNING: [Synth 8-3848] Net ROM in module/entity im does not have driver. [D:/CoDWork/PIPECPU_SOC/PIPECPU_SOC.srcs/sources_1/imports/CoDWork/PIPECPU/im.v:6]
WARNING: [Synth 8-3848] Net ROM in module/entity im does not have driver. [D:/CoDWork/PIPECPU_SOC/PIPECPU_SOC.srcs/sources_1/imports/CoDWork/PIPECPU/im.v:6]
WARNING: [Synth 8-3848] Net ROM in module/entity im does not have driver. [D:/CoDWork/PIPECPU_SOC/PIPECPU_SOC.srcs/sources_1/imports/CoDWork/PIPECPU/im.v:6]
WARNING: [Synth 8-3848] Net ROM in module/entity im does not have driver. [D:/CoDWork/PIPECPU_SOC/PIPECPU_SOC.srcs/sources_1/imports/CoDWork/PIPECPU/im.v:6]
WARNING: [Synth 8-3848] Net ROM in module/entity im does not have driver. [D:/CoDWork/PIPECPU_SOC/PIPECPU_SOC.srcs/sources_1/imports/CoDWork/PIPECPU/im.v:6]
WARNING: [Synth 8-3848] Net ROM in module/entity im does not have driver. [D:/CoDWork/PIPECPU_SOC/PIPECPU_SOC.srcs/sources_1/imports/CoDWork/PIPECPU/im.v:6]
WARNING: [Synth 8-3848] Net ROM in module/entity im does not have driver. [D:/CoDWork/PIPECPU_SOC/PIPECPU_SOC.srcs/sources_1/imports/CoDWork/PIPECPU/im.v:6]
WARNING: [Synth 8-3848] Net ROM in module/entity im does not have driver. [D:/CoDWork/PIPECPU_SOC/PIPECPU_SOC.srcs/sources_1/imports/CoDWork/PIPECPU/im.v:6]
WARNING: [Synth 8-3848] Net ROM in module/entity im does not have driver. [D:/CoDWork/PIPECPU_SOC/PIPECPU_SOC.srcs/sources_1/imports/CoDWork/PIPECPU/im.v:6]
WARNING: [Synth 8-3848] Net ROM in module/entity im does not have driver. [D:/CoDWork/PIPECPU_SOC/PIPECPU_SOC.srcs/sources_1/imports/CoDWork/PIPECPU/im.v:6]
WARNING: [Synth 8-3848] Net ROM in module/entity im does not have driver. [D:/CoDWork/PIPECPU_SOC/PIPECPU_SOC.srcs/sources_1/imports/CoDWork/PIPECPU/im.v:6]
WARNING: [Synth 8-3848] Net ROM in module/entity im does not have driver. [D:/CoDWork/PIPECPU_SOC/PIPECPU_SOC.srcs/sources_1/imports/CoDWork/PIPECPU/im.v:6]
WARNING: [Synth 8-3848] Net ROM in module/entity im does not have driver. [D:/CoDWork/PIPECPU_SOC/PIPECPU_SOC.srcs/sources_1/imports/CoDWork/PIPECPU/im.v:6]
WARNING: [Synth 8-3848] Net ROM in module/entity im does not have driver. [D:/CoDWork/PIPECPU_SOC/PIPECPU_SOC.srcs/sources_1/imports/CoDWork/PIPECPU/im.v:6]
WARNING: [Synth 8-3848] Net ROM in module/entity im does not have driver. [D:/CoDWork/PIPECPU_SOC/PIPECPU_SOC.srcs/sources_1/imports/CoDWork/PIPECPU/im.v:6]
WARNING: [Synth 8-3848] Net ROM in module/entity im does not have driver. [D:/CoDWork/PIPECPU_SOC/PIPECPU_SOC.srcs/sources_1/imports/CoDWork/PIPECPU/im.v:6]
WARNING: [Synth 8-3848] Net ROM in module/entity im does not have driver. [D:/CoDWork/PIPECPU_SOC/PIPECPU_SOC.srcs/sources_1/imports/CoDWork/PIPECPU/im.v:6]
WARNING: [Synth 8-3848] Net ROM in module/entity im does not have driver. [D:/CoDWork/PIPECPU_SOC/PIPECPU_SOC.srcs/sources_1/imports/CoDWork/PIPECPU/im.v:6]
WARNING: [Synth 8-3848] Net ROM in module/entity im does not have driver. [D:/CoDWork/PIPECPU_SOC/PIPECPU_SOC.srcs/sources_1/imports/CoDWork/PIPECPU/im.v:6]
WARNING: [Synth 8-3848] Net ROM in module/entity im does not have driver. [D:/CoDWork/PIPECPU_SOC/PIPECPU_SOC.srcs/sources_1/imports/CoDWork/PIPECPU/im.v:6]
WARNING: [Synth 8-3848] Net ROM in module/entity im does not have driver. [D:/CoDWork/PIPECPU_SOC/PIPECPU_SOC.srcs/sources_1/imports/CoDWork/PIPECPU/im.v:6]
WARNING: [Synth 8-3848] Net ROM in module/entity im does not have driver. [D:/CoDWork/PIPECPU_SOC/PIPECPU_SOC.srcs/sources_1/imports/CoDWork/PIPECPU/im.v:6]
WARNING: [Synth 8-3848] Net ROM in module/entity im does not have driver. [D:/CoDWork/PIPECPU_SOC/PIPECPU_SOC.srcs/sources_1/imports/CoDWork/PIPECPU/im.v:6]
WARNING: [Synth 8-3848] Net ROM in module/entity im does not have driver. [D:/CoDWork/PIPECPU_SOC/PIPECPU_SOC.srcs/sources_1/imports/CoDWork/PIPECPU/im.v:6]
WARNING: [Synth 8-3848] Net ROM in module/entity im does not have driver. [D:/CoDWork/PIPECPU_SOC/PIPECPU_SOC.srcs/sources_1/imports/CoDWork/PIPECPU/im.v:6]
WARNING: [Synth 8-3848] Net ROM in module/entity im does not have driver. [D:/CoDWork/PIPECPU_SOC/PIPECPU_SOC.srcs/sources_1/imports/CoDWork/PIPECPU/im.v:6]
WARNING: [Synth 8-3848] Net ROM in module/entity im does not have driver. [D:/CoDWork/PIPECPU_SOC/PIPECPU_SOC.srcs/sources_1/imports/CoDWork/PIPECPU/im.v:6]
WARNING: [Synth 8-3848] Net ROM in module/entity im does not have driver. [D:/CoDWork/PIPECPU_SOC/PIPECPU_SOC.srcs/sources_1/imports/CoDWork/PIPECPU/im.v:6]
WARNING: [Synth 8-3848] Net ROM in module/entity im does not have driver. [D:/CoDWork/PIPECPU_SOC/PIPECPU_SOC.srcs/sources_1/imports/CoDWork/PIPECPU/im.v:6]
WARNING: [Synth 8-3848] Net ROM in module/entity im does not have driver. [D:/CoDWork/PIPECPU_SOC/PIPECPU_SOC.srcs/sources_1/imports/CoDWork/PIPECPU/im.v:6]
WARNING: [Synth 8-3848] Net ROM in module/entity im does not have driver. [D:/CoDWork/PIPECPU_SOC/PIPECPU_SOC.srcs/sources_1/imports/CoDWork/PIPECPU/im.v:6]
WARNING: [Synth 8-3848] Net ROM in module/entity im does not have driver. [D:/CoDWork/PIPECPU_SOC/PIPECPU_SOC.srcs/sources_1/imports/CoDWork/PIPECPU/im.v:6]
WARNING: [Synth 8-3848] Net ROM in module/entity im does not have driver. [D:/CoDWork/PIPECPU_SOC/PIPECPU_SOC.srcs/sources_1/imports/CoDWork/PIPECPU/im.v:6]
WARNING: [Synth 8-3848] Net ROM in module/entity im does not have driver. [D:/CoDWork/PIPECPU_SOC/PIPECPU_SOC.srcs/sources_1/imports/CoDWork/PIPECPU/im.v:6]
WARNING: [Synth 8-3848] Net ROM in module/entity im does not have driver. [D:/CoDWork/PIPECPU_SOC/PIPECPU_SOC.srcs/sources_1/imports/CoDWork/PIPECPU/im.v:6]
WARNING: [Synth 8-3848] Net ROM in module/entity im does not have driver. [D:/CoDWork/PIPECPU_SOC/PIPECPU_SOC.srcs/sources_1/imports/CoDWork/PIPECPU/im.v:6]
WARNING: [Synth 8-3848] Net ROM in module/entity im does not have driver. [D:/CoDWork/PIPECPU_SOC/PIPECPU_SOC.srcs/sources_1/imports/CoDWork/PIPECPU/im.v:6]
WARNING: [Synth 8-3848] Net ROM in module/entity im does not have driver. [D:/CoDWork/PIPECPU_SOC/PIPECPU_SOC.srcs/sources_1/imports/CoDWork/PIPECPU/im.v:6]
WARNING: [Synth 8-3848] Net ROM in module/entity im does not have driver. [D:/CoDWork/PIPECPU_SOC/PIPECPU_SOC.srcs/sources_1/imports/CoDWork/PIPECPU/im.v:6]
WARNING: [Synth 8-3848] Net ROM in module/entity im does not have driver. [D:/CoDWork/PIPECPU_SOC/PIPECPU_SOC.srcs/sources_1/imports/CoDWork/PIPECPU/im.v:6]
WARNING: [Synth 8-3848] Net ROM in module/entity im does not have driver. [D:/CoDWork/PIPECPU_SOC/PIPECPU_SOC.srcs/sources_1/imports/CoDWork/PIPECPU/im.v:6]
WARNING: [Synth 8-3848] Net ROM in module/entity im does not have driver. [D:/CoDWork/PIPECPU_SOC/PIPECPU_SOC.srcs/sources_1/imports/CoDWork/PIPECPU/im.v:6]
WARNING: [Synth 8-3848] Net ROM in module/entity im does not have driver. [D:/CoDWork/PIPECPU_SOC/PIPECPU_SOC.srcs/sources_1/imports/CoDWork/PIPECPU/im.v:6]
WARNING: [Synth 8-3848] Net ROM in module/entity im does not have driver. [D:/CoDWork/PIPECPU_SOC/PIPECPU_SOC.srcs/sources_1/imports/CoDWork/PIPECPU/im.v:6]
WARNING: [Synth 8-3848] Net ROM in module/entity im does not have driver. [D:/CoDWork/PIPECPU_SOC/PIPECPU_SOC.srcs/sources_1/imports/CoDWork/PIPECPU/im.v:6]
WARNING: [Synth 8-3848] Net ROM in module/entity im does not have driver. [D:/CoDWork/PIPECPU_SOC/PIPECPU_SOC.srcs/sources_1/imports/CoDWork/PIPECPU/im.v:6]
WARNING: [Synth 8-3848] Net ROM in module/entity im does not have driver. [D:/CoDWork/PIPECPU_SOC/PIPECPU_SOC.srcs/sources_1/imports/CoDWork/PIPECPU/im.v:6]
WARNING: [Synth 8-3848] Net ROM in module/entity im does not have driver. [D:/CoDWork/PIPECPU_SOC/PIPECPU_SOC.srcs/sources_1/imports/CoDWork/PIPECPU/im.v:6]
WARNING: [Synth 8-3848] Net ROM in module/entity im does not have driver. [D:/CoDWork/PIPECPU_SOC/PIPECPU_SOC.srcs/sources_1/imports/CoDWork/PIPECPU/im.v:6]
WARNING: [Synth 8-3848] Net ROM in module/entity im does not have driver. [D:/CoDWork/PIPECPU_SOC/PIPECPU_SOC.srcs/sources_1/imports/CoDWork/PIPECPU/im.v:6]
WARNING: [Synth 8-3848] Net ROM in module/entity im does not have driver. [D:/CoDWork/PIPECPU_SOC/PIPECPU_SOC.srcs/sources_1/imports/CoDWork/PIPECPU/im.v:6]
WARNING: [Synth 8-3848] Net ROM in module/entity im does not have driver. [D:/CoDWork/PIPECPU_SOC/PIPECPU_SOC.srcs/sources_1/imports/CoDWork/PIPECPU/im.v:6]
WARNING: [Synth 8-3848] Net ROM in module/entity im does not have driver. [D:/CoDWork/PIPECPU_SOC/PIPECPU_SOC.srcs/sources_1/imports/CoDWork/PIPECPU/im.v:6]
WARNING: [Synth 8-3848] Net ROM in module/entity im does not have driver. [D:/CoDWork/PIPECPU_SOC/PIPECPU_SOC.srcs/sources_1/imports/CoDWork/PIPECPU/im.v:6]
WARNING: [Synth 8-3848] Net ROM in module/entity im does not have driver. [D:/CoDWork/PIPECPU_SOC/PIPECPU_SOC.srcs/sources_1/imports/CoDWork/PIPECPU/im.v:6]
WARNING: [Synth 8-3848] Net ROM in module/entity im does not have driver. [D:/CoDWork/PIPECPU_SOC/PIPECPU_SOC.srcs/sources_1/imports/CoDWork/PIPECPU/im.v:6]
WARNING: [Synth 8-3848] Net ROM in module/entity im does not have driver. [D:/CoDWork/PIPECPU_SOC/PIPECPU_SOC.srcs/sources_1/imports/CoDWork/PIPECPU/im.v:6]
WARNING: [Synth 8-3848] Net ROM in module/entity im does not have driver. [D:/CoDWork/PIPECPU_SOC/PIPECPU_SOC.srcs/sources_1/imports/CoDWork/PIPECPU/im.v:6]
WARNING: [Synth 8-3848] Net ROM in module/entity im does not have driver. [D:/CoDWork/PIPECPU_SOC/PIPECPU_SOC.srcs/sources_1/imports/CoDWork/PIPECPU/im.v:6]
WARNING: [Synth 8-3848] Net ROM in module/entity im does not have driver. [D:/CoDWork/PIPECPU_SOC/PIPECPU_SOC.srcs/sources_1/imports/CoDWork/PIPECPU/im.v:6]
WARNING: [Synth 8-3848] Net ROM in module/entity im does not have driver. [D:/CoDWork/PIPECPU_SOC/PIPECPU_SOC.srcs/sources_1/imports/CoDWork/PIPECPU/im.v:6]
WARNING: [Synth 8-3848] Net ROM in module/entity im does not have driver. [D:/CoDWork/PIPECPU_SOC/PIPECPU_SOC.srcs/sources_1/imports/CoDWork/PIPECPU/im.v:6]
WARNING: [Synth 8-3848] Net ROM in module/entity im does not have driver. [D:/CoDWork/PIPECPU_SOC/PIPECPU_SOC.srcs/sources_1/imports/CoDWork/PIPECPU/im.v:6]
WARNING: [Synth 8-3848] Net ROM in module/entity im does not have driver. [D:/CoDWork/PIPECPU_SOC/PIPECPU_SOC.srcs/sources_1/imports/CoDWork/PIPECPU/im.v:6]
WARNING: [Synth 8-3848] Net ROM in module/entity im does not have driver. [D:/CoDWork/PIPECPU_SOC/PIPECPU_SOC.srcs/sources_1/imports/CoDWork/PIPECPU/im.v:6]
WARNING: [Synth 8-3848] Net ROM in module/entity im does not have driver. [D:/CoDWork/PIPECPU_SOC/PIPECPU_SOC.srcs/sources_1/imports/CoDWork/PIPECPU/im.v:6]
WARNING: [Synth 8-3848] Net ROM in module/entity im does not have driver. [D:/CoDWork/PIPECPU_SOC/PIPECPU_SOC.srcs/sources_1/imports/CoDWork/PIPECPU/im.v:6]
WARNING: [Synth 8-3848] Net ROM in module/entity im does not have driver. [D:/CoDWork/PIPECPU_SOC/PIPECPU_SOC.srcs/sources_1/imports/CoDWork/PIPECPU/im.v:6]
WARNING: [Synth 8-3848] Net ROM in module/entity im does not have driver. [D:/CoDWork/PIPECPU_SOC/PIPECPU_SOC.srcs/sources_1/imports/CoDWork/PIPECPU/im.v:6]
WARNING: [Synth 8-3848] Net ROM in module/entity im does not have driver. [D:/CoDWork/PIPECPU_SOC/PIPECPU_SOC.srcs/sources_1/imports/CoDWork/PIPECPU/im.v:6]
WARNING: [Synth 8-3848] Net ROM in module/entity im does not have driver. [D:/CoDWork/PIPECPU_SOC/PIPECPU_SOC.srcs/sources_1/imports/CoDWork/PIPECPU/im.v:6]
WARNING: [Synth 8-3848] Net ROM in module/entity im does not have driver. [D:/CoDWork/PIPECPU_SOC/PIPECPU_SOC.srcs/sources_1/imports/CoDWork/PIPECPU/im.v:6]
WARNING: [Synth 8-3848] Net ROM in module/entity im does not have driver. [D:/CoDWork/PIPECPU_SOC/PIPECPU_SOC.srcs/sources_1/imports/CoDWork/PIPECPU/im.v:6]
WARNING: [Synth 8-3848] Net ROM in module/entity im does not have driver. [D:/CoDWork/PIPECPU_SOC/PIPECPU_SOC.srcs/sources_1/imports/CoDWork/PIPECPU/im.v:6]
WARNING: [Synth 8-3848] Net ROM in module/entity im does not have driver. [D:/CoDWork/PIPECPU_SOC/PIPECPU_SOC.srcs/sources_1/imports/CoDWork/PIPECPU/im.v:6]
WARNING: [Synth 8-3848] Net ROM in module/entity im does not have driver. [D:/CoDWork/PIPECPU_SOC/PIPECPU_SOC.srcs/sources_1/imports/CoDWork/PIPECPU/im.v:6]
WARNING: [Synth 8-3848] Net ROM in module/entity im does not have driver. [D:/CoDWork/PIPECPU_SOC/PIPECPU_SOC.srcs/sources_1/imports/CoDWork/PIPECPU/im.v:6]
WARNING: [Synth 8-3848] Net ROM in module/entity im does not have driver. [D:/CoDWork/PIPECPU_SOC/PIPECPU_SOC.srcs/sources_1/imports/CoDWork/PIPECPU/im.v:6]
WARNING: [Synth 8-3848] Net ROM in module/entity im does not have driver. [D:/CoDWork/PIPECPU_SOC/PIPECPU_SOC.srcs/sources_1/imports/CoDWork/PIPECPU/im.v:6]
WARNING: [Synth 8-3848] Net ROM in module/entity im does not have driver. [D:/CoDWork/PIPECPU_SOC/PIPECPU_SOC.srcs/sources_1/imports/CoDWork/PIPECPU/im.v:6]
WARNING: [Synth 8-3848] Net ROM in module/entity im does not have driver. [D:/CoDWork/PIPECPU_SOC/PIPECPU_SOC.srcs/sources_1/imports/CoDWork/PIPECPU/im.v:6]
WARNING: [Synth 8-3848] Net ROM in module/entity im does not have driver. [D:/CoDWork/PIPECPU_SOC/PIPECPU_SOC.srcs/sources_1/imports/CoDWork/PIPECPU/im.v:6]
WARNING: [Synth 8-3848] Net ROM in module/entity im does not have driver. [D:/CoDWork/PIPECPU_SOC/PIPECPU_SOC.srcs/sources_1/imports/CoDWork/PIPECPU/im.v:6]
INFO: [Common 17-14] Message 'Synth 8-3848' appears 100 times and further instances of the messages will be disabled. Use the Tcl command set_msg_config to change the current settings.
INFO: [Synth 8-256] done synthesizing module 'im' (31#1) [D:/CoDWork/PIPECPU_SOC/PIPECPU_SOC.srcs/sources_1/imports/CoDWork/PIPECPU/im.v:3]
INFO: [Synth 8-256] done synthesizing module 'pipecomp' (32#1) [D:/CoDWork/PIPECPU_SOC/PIPECPU_SOC.srcs/sources_1/imports/CoDWork/PIPECPU/pipecomp.v:1]
ERROR: [Synth 8-448] named port connection 'rst' does not exist for instance 'U_SCPU' of module 'pipecomp' [D:/CoDWork/PIPECPU_SOC/PIPECPU_SOC.srcs/sources_1/imports/CoDWork/FPGATop/SCPU_Top.v:42]
ERROR: [Synth 8-448] named port connection 'instr' does not exist for instance 'U_SCPU' of module 'pipecomp' [D:/CoDWork/PIPECPU_SOC/PIPECPU_SOC.srcs/sources_1/imports/CoDWork/FPGATop/SCPU_Top.v:43]
ERROR: [Synth 8-448] named port connection 'readdata' does not exist for instance 'U_SCPU' of module 'pipecomp' [D:/CoDWork/PIPECPU_SOC/PIPECPU_SOC.srcs/sources_1/imports/CoDWork/FPGATop/SCPU_Top.v:44]
ERROR: [Synth 8-448] named port connection 'MemWrite' does not exist for instance 'U_SCPU' of module 'pipecomp' [D:/CoDWork/PIPECPU_SOC/PIPECPU_SOC.srcs/sources_1/imports/CoDWork/FPGATop/SCPU_Top.v:45]
ERROR: [Synth 8-448] named port connection 'PC' does not exist for instance 'U_SCPU' of module 'pipecomp' [D:/CoDWork/PIPECPU_SOC/PIPECPU_SOC.srcs/sources_1/imports/CoDWork/FPGATop/SCPU_Top.v:46]
ERROR: [Synth 8-448] named port connection 'aluout' does not exist for instance 'U_SCPU' of module 'pipecomp' [D:/CoDWork/PIPECPU_SOC/PIPECPU_SOC.srcs/sources_1/imports/CoDWork/FPGATop/SCPU_Top.v:47]
ERROR: [Synth 8-448] named port connection 'writedata' does not exist for instance 'U_SCPU' of module 'pipecomp' [D:/CoDWork/PIPECPU_SOC/PIPECPU_SOC.srcs/sources_1/imports/CoDWork/FPGATop/SCPU_Top.v:48]
INFO: [Synth 8-638] synthesizing module 'imem' [D:/CoDWork/PIPECPU_SOC/PIPECPU_SOC.runs/synth_1/.Xil/Vivado-4416-A203-35/realtime/imem_stub.v:6]
ERROR: [Synth 8-285] failed synthesizing module 'imem' [D:/CoDWork/PIPECPU_SOC/PIPECPU_SOC.runs/synth_1/.Xil/Vivado-4416-A203-35/realtime/imem_stub.v:6]
ERROR: [Synth 8-285] failed synthesizing module 'IP2SOC_Top' [D:/CoDWork/PIPECPU_SOC/PIPECPU_SOC.srcs/sources_1/imports/CoDWork/FPGATop/SCPU_Top.v:3]
---------------------------------------------------------------------------------
Finished RTL Elaboration : Time (s): cpu = 00:00:04 ; elapsed = 00:00:04 . Memory (MB): peak = 400.844 ; gain = 114.484
---------------------------------------------------------------------------------
RTL Elaboration failed
68 Infos, 102 Warnings, 0 Critical Warnings and 10 Errors encountered.
synth_design failed
ERROR: [Common 17-69] Command failed: Synthesis failed - please see the console or run log file for details
INFO: [Common 17-206] Exiting Vivado at Sun Apr 21 08:57:11 2019...
